{"C:\\Users\\SENA\\Desktop\\Ejercicio Base 5\\src\\app.js": {"path":"C:\\Users\\SENA\\Desktop\\Ejercicio Base 5\\src\\app.js","statementMap":{"0":{"start":{"line":1,"column":16},"end":{"line":1,"column":34}},"1":{"start":{"line":2,"column":12},"end":{"line":2,"column":21}},"2":{"start":{"line":4,"column":0},"end":{"line":4,"column":24}},"3":{"start":{"line":6,"column":15},"end":{"line":6,"column":17}},"4":{"start":{"line":7,"column":13},"end":{"line":7,"column":14}},"5":{"start":{"line":11,"column":2},"end":{"line":14,"column":4}},"6":{"start":{"line":15,"column":2},"end":{"line":15,"column":13}},"7":{"start":{"line":18,"column":0},"end":{"line":18,"column":16}},"8":{"start":{"line":21,"column":0},"end":{"line":23,"column":3}},"9":{"start":{"line":22,"column":2},"end":{"line":22,"column":33}},"10":{"start":{"line":26,"column":0},"end":{"line":32,"column":3}},"11":{"start":{"line":27,"column":18},"end":{"line":27,"column":68}},"12":{"start":{"line":27,"column":37},"end":{"line":27,"column":67}},"13":{"start":{"line":28,"column":2},"end":{"line":30,"column":3}},"14":{"start":{"line":29,"column":4},"end":{"line":29,"column":70}},"15":{"start":{"line":31,"column":2},"end":{"line":31,"column":32}},"16":{"start":{"line":35,"column":0},"end":{"line":54,"column":3}},"17":{"start":{"line":36,"column":33},"end":{"line":36,"column":41}},"18":{"start":{"line":38,"column":2},"end":{"line":40,"column":3}},"19":{"start":{"line":39,"column":4},"end":{"line":39,"column":74}},"20":{"start":{"line":41,"column":2},"end":{"line":43,"column":3}},"21":{"start":{"line":42,"column":4},"end":{"line":42,"column":90}},"22":{"start":{"line":45,"column":21},"end":{"line":50,"column":3}},"23":{"start":{"line":52,"column":2},"end":{"line":52,"column":28}},"24":{"start":{"line":53,"column":2},"end":{"line":53,"column":35}},"25":{"start":{"line":57,"column":0},"end":{"line":75,"column":3}},"26":{"start":{"line":58,"column":18},"end":{"line":58,"column":68}},"27":{"start":{"line":58,"column":37},"end":{"line":58,"column":67}},"28":{"start":{"line":59,"column":2},"end":{"line":61,"column":3}},"29":{"start":{"line":60,"column":4},"end":{"line":60,"column":70}},"30":{"start":{"line":63,"column":2},"end":{"line":63,"column":71}},"31":{"start":{"line":63,"column":35},"end":{"line":63,"column":71}},"32":{"start":{"line":65,"column":2},"end":{"line":70,"column":3}},"33":{"start":{"line":66,"column":4},"end":{"line":68,"column":5}},"34":{"start":{"line":67,"column":6},"end":{"line":67,"column":77}},"35":{"start":{"line":69,"column":4},"end":{"line":69,"column":42}},"36":{"start":{"line":72,"column":2},"end":{"line":72,"column":74}},"37":{"start":{"line":72,"column":36},"end":{"line":72,"column":74}},"38":{"start":{"line":74,"column":2},"end":{"line":74,"column":32}},"39":{"start":{"line":78,"column":0},"end":{"line":87,"column":3}},"40":{"start":{"line":79,"column":23},"end":{"line":79,"column":78}},"41":{"start":{"line":79,"column":47},"end":{"line":79,"column":77}},"42":{"start":{"line":81,"column":2},"end":{"line":83,"column":3}},"43":{"start":{"line":82,"column":4},"end":{"line":82,"column":70}},"44":{"start":{"line":85,"column":2},"end":{"line":85,"column":35}},"45":{"start":{"line":86,"column":2},"end":{"line":86,"column":59}},"46":{"start":{"line":89,"column":0},"end":{"line":89,"column":40}}},"fnMap":{"0":{"name":"resetContacts","decl":{"start":{"line":10,"column":9},"end":{"line":10,"column":22}},"loc":{"start":{"line":10,"column":25},"end":{"line":16,"column":1}},"line":10},"1":{"name":"(anonymous_1)","decl":{"start":{"line":21,"column":25},"end":{"line":21,"column":26}},"loc":{"start":{"line":21,"column":39},"end":{"line":23,"column":1}},"line":21},"2":{"name":"(anonymous_2)","decl":{"start":{"line":26,"column":29},"end":{"line":26,"column":30}},"loc":{"start":{"line":26,"column":43},"end":{"line":32,"column":1}},"line":26},"3":{"name":"(anonymous_3)","decl":{"start":{"line":27,"column":32},"end":{"line":27,"column":33}},"loc":{"start":{"line":27,"column":37},"end":{"line":27,"column":67}},"line":27},"4":{"name":"(anonymous_4)","decl":{"start":{"line":35,"column":26},"end":{"line":35,"column":27}},"loc":{"start":{"line":35,"column":40},"end":{"line":54,"column":1}},"line":35},"5":{"name":"(anonymous_5)","decl":{"start":{"line":57,"column":29},"end":{"line":57,"column":30}},"loc":{"start":{"line":57,"column":43},"end":{"line":75,"column":1}},"line":57},"6":{"name":"(anonymous_6)","decl":{"start":{"line":58,"column":32},"end":{"line":58,"column":33}},"loc":{"start":{"line":58,"column":37},"end":{"line":58,"column":67}},"line":58},"7":{"name":"(anonymous_7)","decl":{"start":{"line":78,"column":32},"end":{"line":78,"column":33}},"loc":{"start":{"line":78,"column":46},"end":{"line":87,"column":1}},"line":78},"8":{"name":"(anonymous_8)","decl":{"start":{"line":79,"column":42},"end":{"line":79,"column":43}},"loc":{"start":{"line":79,"column":47},"end":{"line":79,"column":77}},"line":79}},"branchMap":{"0":{"loc":{"start":{"line":28,"column":2},"end":{"line":30,"column":3}},"type":"if","locations":[{"start":{"line":28,"column":2},"end":{"line":30,"column":3}},{"start":{},"end":{}}],"line":28},"1":{"loc":{"start":{"line":38,"column":2},"end":{"line":40,"column":3}},"type":"if","locations":[{"start":{"line":38,"column":2},"end":{"line":40,"column":3}},{"start":{},"end":{}}],"line":38},"2":{"loc":{"start":{"line":38,"column":6},"end":{"line":38,"column":33}},"type":"binary-expr","locations":[{"start":{"line":38,"column":6},"end":{"line":38,"column":11}},{"start":{"line":38,"column":15},"end":{"line":38,"column":33}}],"line":38},"3":{"loc":{"start":{"line":41,"column":2},"end":{"line":43,"column":3}},"type":"if","locations":[{"start":{"line":41,"column":2},"end":{"line":43,"column":3}},{"start":{},"end":{}}],"line":41},"4":{"loc":{"start":{"line":41,"column":6},"end":{"line":41,"column":36}},"type":"binary-expr","locations":[{"start":{"line":41,"column":6},"end":{"line":41,"column":12}},{"start":{"line":41,"column":16},"end":{"line":41,"column":36}}],"line":41},"5":{"loc":{"start":{"line":49,"column":11},"end":{"line":49,"column":43}},"type":"cond-expr","locations":[{"start":{"line":49,"column":19},"end":{"line":49,"column":31}},{"start":{"line":49,"column":34},"end":{"line":49,"column":43}}],"line":49},"6":{"loc":{"start":{"line":59,"column":2},"end":{"line":61,"column":3}},"type":"if","locations":[{"start":{"line":59,"column":2},"end":{"line":61,"column":3}},{"start":{},"end":{}}],"line":59},"7":{"loc":{"start":{"line":63,"column":2},"end":{"line":63,"column":71}},"type":"if","locations":[{"start":{"line":63,"column":2},"end":{"line":63,"column":71}},{"start":{},"end":{}}],"line":63},"8":{"loc":{"start":{"line":65,"column":2},"end":{"line":70,"column":3}},"type":"if","locations":[{"start":{"line":65,"column":2},"end":{"line":70,"column":3}},{"start":{},"end":{}}],"line":65},"9":{"loc":{"start":{"line":66,"column":4},"end":{"line":68,"column":5}},"type":"if","locations":[{"start":{"line":66,"column":4},"end":{"line":68,"column":5}},{"start":{},"end":{}}],"line":66},"10":{"loc":{"start":{"line":72,"column":2},"end":{"line":72,"column":74}},"type":"if","locations":[{"start":{"line":72,"column":2},"end":{"line":72,"column":74}},{"start":{},"end":{}}],"line":72},"11":{"loc":{"start":{"line":81,"column":2},"end":{"line":83,"column":3}},"type":"if","locations":[{"start":{"line":81,"column":2},"end":{"line":83,"column":3}},{"start":{},"end":{}}],"line":81}},"s":{"0":1,"1":1,"2":1,"3":1,"4":1,"5":12,"6":12,"7":1,"8":1,"9":2,"10":1,"11":2,"12":3,"13":2,"14":1,"15":1,"16":1,"17":3,"18":3,"19":1,"20":2,"21":1,"22":1,"23":1,"24":1,"25":1,"26":3,"27":4,"28":3,"29":1,"30":2,"31":1,"32":2,"33":1,"34":1,"35":0,"36":1,"37":1,"38":1,"39":1,"40":2,"41":4,"42":2,"43":1,"44":1,"45":1,"46":1},"f":{"0":12,"1":2,"2":2,"3":3,"4":3,"5":3,"6":4,"7":2,"8":4},"b":{"0":[1,1],"1":[1,2],"2":[3,2],"3":[1,1],"4":[2,2],"5":[1,0],"6":[1,2],"7":[1,1],"8":[1,1],"9":[1,0],"10":[1,0],"11":[1,1]},"_coverageSchema":"1a1c01bbd47fc00a2c39e90264f33305004495a9","hash":"522c16ad348782e1b51c41b2dda6cb144774f8dc"}
}
