{"C:\\Users\\SENA\\Desktop\\Ejercicio Base 5\\src\\app.js": {"path":"C:\\Users\\SENA\\Desktop\\Ejercicio Base 5\\src\\app.js","statementMap":{"0":{"start":{"line":1,"column":16},"end":{"line":1,"column":34}},"1":{"start":{"line":2,"column":12},"end":{"line":2,"column":21}},"2":{"start":{"line":3,"column":0},"end":{"line":3,"column":24}},"3":{"start":{"line":6,"column":20},"end":{"line":6,"column":48}},"4":{"start":{"line":9,"column":2},"end":{"line":11,"column":3}},"5":{"start":{"line":10,"column":4},"end":{"line":10,"column":66}},"6":{"start":{"line":12,"column":2},"end":{"line":14,"column":3}},"7":{"start":{"line":13,"column":4},"end":{"line":13,"column":72}},"8":{"start":{"line":15,"column":2},"end":{"line":15,"column":25}},"9":{"start":{"line":19,"column":15},"end":{"line":23,"column":1}},"10":{"start":{"line":24,"column":13},"end":{"line":24,"column":14}},"11":{"start":{"line":27,"column":2},"end":{"line":31,"column":4}},"12":{"start":{"line":32,"column":2},"end":{"line":32,"column":13}},"13":{"start":{"line":36,"column":0},"end":{"line":52,"column":3}},"14":{"start":{"line":37,"column":31},"end":{"line":37,"column":40}},"15":{"start":{"line":38,"column":15},"end":{"line":38,"column":28}},"16":{"start":{"line":40,"column":2},"end":{"line":45,"column":3}},"17":{"start":{"line":41,"column":14},"end":{"line":41,"column":41}},"18":{"start":{"line":42,"column":4},"end":{"line":44,"column":6}},"19":{"start":{"line":43,"column":11},"end":{"line":43,"column":80}},"20":{"start":{"line":47,"column":2},"end":{"line":49,"column":3}},"21":{"start":{"line":48,"column":4},"end":{"line":48,"column":53}},"22":{"start":{"line":48,"column":32},"end":{"line":48,"column":51}},"23":{"start":{"line":51,"column":2},"end":{"line":51,"column":19}},"24":{"start":{"line":55,"column":0},"end":{"line":59,"column":3}},"25":{"start":{"line":56,"column":18},"end":{"line":56,"column":68}},"26":{"start":{"line":56,"column":37},"end":{"line":56,"column":67}},"27":{"start":{"line":57,"column":2},"end":{"line":57,"column":95}},"28":{"start":{"line":57,"column":16},"end":{"line":57,"column":95}},"29":{"start":{"line":58,"column":2},"end":{"line":58,"column":20}},"30":{"start":{"line":62,"column":0},"end":{"line":85,"column":3}},"31":{"start":{"line":63,"column":33},"end":{"line":63,"column":41}},"32":{"start":{"line":65,"column":21},"end":{"line":65,"column":53}},"33":{"start":{"line":66,"column":2},"end":{"line":68,"column":3}},"34":{"start":{"line":67,"column":4},"end":{"line":67,"column":74}},"35":{"start":{"line":70,"column":20},"end":{"line":70,"column":85}},"36":{"start":{"line":70,"column":39},"end":{"line":70,"column":84}},"37":{"start":{"line":71,"column":2},"end":{"line":73,"column":3}},"38":{"start":{"line":72,"column":4},"end":{"line":72,"column":96}},"39":{"start":{"line":75,"column":21},"end":{"line":82,"column":3}},"40":{"start":{"line":83,"column":2},"end":{"line":83,"column":28}},"41":{"start":{"line":84,"column":2},"end":{"line":84,"column":35}},"42":{"start":{"line":88,"column":0},"end":{"line":117,"column":3}},"43":{"start":{"line":89,"column":18},"end":{"line":89,"column":68}},"44":{"start":{"line":89,"column":37},"end":{"line":89,"column":67}},"45":{"start":{"line":90,"column":2},"end":{"line":90,"column":95}},"46":{"start":{"line":90,"column":16},"end":{"line":90,"column":95}},"47":{"start":{"line":92,"column":33},"end":{"line":92,"column":41}},"48":{"start":{"line":94,"column":2},"end":{"line":105,"column":3}},"49":{"start":{"line":95,"column":4},"end":{"line":97,"column":5}},"50":{"start":{"line":96,"column":6},"end":{"line":96,"column":95}},"51":{"start":{"line":98,"column":22},"end":{"line":100,"column":5}},"52":{"start":{"line":99,"column":11},"end":{"line":99,"column":79}},"53":{"start":{"line":101,"column":4},"end":{"line":103,"column":5}},"54":{"start":{"line":102,"column":6},"end":{"line":102,"column":98}},"55":{"start":{"line":104,"column":4},"end":{"line":104,"column":40}},"56":{"start":{"line":107,"column":2},"end":{"line":112,"column":3}},"57":{"start":{"line":108,"column":4},"end":{"line":110,"column":5}},"58":{"start":{"line":109,"column":6},"end":{"line":109,"column":97}},"59":{"start":{"line":111,"column":4},"end":{"line":111,"column":31}},"60":{"start":{"line":114,"column":2},"end":{"line":114,"column":65}},"61":{"start":{"line":114,"column":27},"end":{"line":114,"column":65}},"62":{"start":{"line":116,"column":2},"end":{"line":116,"column":20}},"63":{"start":{"line":120,"column":0},"end":{"line":125,"column":3}},"64":{"start":{"line":121,"column":18},"end":{"line":121,"column":68}},"65":{"start":{"line":121,"column":37},"end":{"line":121,"column":67}},"66":{"start":{"line":122,"column":2},"end":{"line":122,"column":95}},"67":{"start":{"line":122,"column":16},"end":{"line":122,"column":95}},"68":{"start":{"line":123,"column":2},"end":{"line":123,"column":39}},"69":{"start":{"line":124,"column":2},"end":{"line":124,"column":20}},"70":{"start":{"line":128,"column":0},"end":{"line":133,"column":3}},"71":{"start":{"line":129,"column":16},"end":{"line":129,"column":71}},"72":{"start":{"line":129,"column":40},"end":{"line":129,"column":70}},"73":{"start":{"line":130,"column":2},"end":{"line":130,"column":99}},"74":{"start":{"line":130,"column":20},"end":{"line":130,"column":99}},"75":{"start":{"line":131,"column":2},"end":{"line":131,"column":28}},"76":{"start":{"line":132,"column":2},"end":{"line":132,"column":47}},"77":{"start":{"line":136,"column":0},"end":{"line":138,"column":3}},"78":{"start":{"line":137,"column":2},"end":{"line":137,"column":70}},"79":{"start":{"line":141,"column":0},"end":{"line":144,"column":3}},"80":{"start":{"line":142,"column":2},"end":{"line":142,"column":27}},"81":{"start":{"line":143,"column":2},"end":{"line":143,"column":78}},"82":{"start":{"line":146,"column":0},"end":{"line":146,"column":40}}},"fnMap":{"0":{"name":"validateContact","decl":{"start":{"line":8,"column":9},"end":{"line":8,"column":24}},"loc":{"start":{"line":8,"column":42},"end":{"line":16,"column":1}},"line":8},"1":{"name":"resetContacts","decl":{"start":{"line":26,"column":9},"end":{"line":26,"column":22}},"loc":{"start":{"line":26,"column":25},"end":{"line":33,"column":1}},"line":26},"2":{"name":"(anonymous_2)","decl":{"start":{"line":36,"column":25},"end":{"line":36,"column":26}},"loc":{"start":{"line":36,"column":39},"end":{"line":52,"column":1}},"line":36},"3":{"name":"(anonymous_3)","decl":{"start":{"line":43,"column":6},"end":{"line":43,"column":7}},"loc":{"start":{"line":43,"column":11},"end":{"line":43,"column":80}},"line":43},"4":{"name":"(anonymous_4)","decl":{"start":{"line":48,"column":27},"end":{"line":48,"column":28}},"loc":{"start":{"line":48,"column":32},"end":{"line":48,"column":51}},"line":48},"5":{"name":"(anonymous_5)","decl":{"start":{"line":55,"column":29},"end":{"line":55,"column":30}},"loc":{"start":{"line":55,"column":43},"end":{"line":59,"column":1}},"line":55},"6":{"name":"(anonymous_6)","decl":{"start":{"line":56,"column":32},"end":{"line":56,"column":33}},"loc":{"start":{"line":56,"column":37},"end":{"line":56,"column":67}},"line":56},"7":{"name":"(anonymous_7)","decl":{"start":{"line":62,"column":26},"end":{"line":62,"column":27}},"loc":{"start":{"line":62,"column":40},"end":{"line":85,"column":1}},"line":62},"8":{"name":"(anonymous_8)","decl":{"start":{"line":70,"column":34},"end":{"line":70,"column":35}},"loc":{"start":{"line":70,"column":39},"end":{"line":70,"column":84}},"line":70},"9":{"name":"(anonymous_9)","decl":{"start":{"line":88,"column":29},"end":{"line":88,"column":30}},"loc":{"start":{"line":88,"column":43},"end":{"line":117,"column":1}},"line":88},"10":{"name":"(anonymous_10)","decl":{"start":{"line":89,"column":32},"end":{"line":89,"column":33}},"loc":{"start":{"line":89,"column":37},"end":{"line":89,"column":67}},"line":89},"11":{"name":"(anonymous_11)","decl":{"start":{"line":99,"column":6},"end":{"line":99,"column":7}},"loc":{"start":{"line":99,"column":11},"end":{"line":99,"column":79}},"line":99},"12":{"name":"(anonymous_12)","decl":{"start":{"line":120,"column":40},"end":{"line":120,"column":41}},"loc":{"start":{"line":120,"column":54},"end":{"line":125,"column":1}},"line":120},"13":{"name":"(anonymous_13)","decl":{"start":{"line":121,"column":32},"end":{"line":121,"column":33}},"loc":{"start":{"line":121,"column":37},"end":{"line":121,"column":67}},"line":121},"14":{"name":"(anonymous_14)","decl":{"start":{"line":128,"column":32},"end":{"line":128,"column":33}},"loc":{"start":{"line":128,"column":46},"end":{"line":133,"column":1}},"line":128},"15":{"name":"(anonymous_15)","decl":{"start":{"line":129,"column":35},"end":{"line":129,"column":36}},"loc":{"start":{"line":129,"column":40},"end":{"line":129,"column":70}},"line":129},"16":{"name":"(anonymous_16)","decl":{"start":{"line":136,"column":8},"end":{"line":136,"column":9}},"loc":{"start":{"line":136,"column":22},"end":{"line":138,"column":1}},"line":136},"17":{"name":"(anonymous_17)","decl":{"start":{"line":141,"column":8},"end":{"line":141,"column":9}},"loc":{"start":{"line":141,"column":33},"end":{"line":144,"column":1}},"line":141}},"branchMap":{"0":{"loc":{"start":{"line":9,"column":2},"end":{"line":11,"column":3}},"type":"if","locations":[{"start":{"line":9,"column":2},"end":{"line":11,"column":3}},{"start":{},"end":{}}],"line":9},"1":{"loc":{"start":{"line":9,"column":6},"end":{"line":9,"column":33}},"type":"binary-expr","locations":[{"start":{"line":9,"column":6},"end":{"line":9,"column":11}},{"start":{"line":9,"column":15},"end":{"line":9,"column":33}}],"line":9},"2":{"loc":{"start":{"line":12,"column":2},"end":{"line":14,"column":3}},"type":"if","locations":[{"start":{"line":12,"column":2},"end":{"line":14,"column":3}},{"start":{},"end":{}}],"line":12},"3":{"loc":{"start":{"line":12,"column":6},"end":{"line":12,"column":40}},"type":"binary-expr","locations":[{"start":{"line":12,"column":6},"end":{"line":12,"column":12}},{"start":{"line":12,"column":16},"end":{"line":12,"column":40}}],"line":12},"4":{"loc":{"start":{"line":40,"column":2},"end":{"line":45,"column":3}},"type":"if","locations":[{"start":{"line":40,"column":2},"end":{"line":45,"column":3}},{"start":{},"end":{}}],"line":40},"5":{"loc":{"start":{"line":40,"column":6},"end":{"line":40,"column":36}},"type":"binary-expr","locations":[{"start":{"line":40,"column":6},"end":{"line":40,"column":12}},{"start":{"line":40,"column":16},"end":{"line":40,"column":36}}],"line":40},"6":{"loc":{"start":{"line":43,"column":11},"end":{"line":43,"column":80}},"type":"binary-expr","locations":[{"start":{"line":43,"column":11},"end":{"line":43,"column":43}},{"start":{"line":43,"column":47},"end":{"line":43,"column":80}}],"line":43},"7":{"loc":{"start":{"line":47,"column":2},"end":{"line":49,"column":3}},"type":"if","locations":[{"start":{"line":47,"column":2},"end":{"line":49,"column":3}},{"start":{},"end":{}}],"line":47},"8":{"loc":{"start":{"line":57,"column":2},"end":{"line":57,"column":95}},"type":"if","locations":[{"start":{"line":57,"column":2},"end":{"line":57,"column":95}},{"start":{},"end":{}}],"line":57},"9":{"loc":{"start":{"line":66,"column":2},"end":{"line":68,"column":3}},"type":"if","locations":[{"start":{"line":66,"column":2},"end":{"line":68,"column":3}},{"start":{},"end":{}}],"line":66},"10":{"loc":{"start":{"line":71,"column":2},"end":{"line":73,"column":3}},"type":"if","locations":[{"start":{"line":71,"column":2},"end":{"line":73,"column":3}},{"start":{},"end":{}}],"line":71},"11":{"loc":{"start":{"line":79,"column":11},"end":{"line":79,"column":32}},"type":"binary-expr","locations":[{"start":{"line":79,"column":11},"end":{"line":79,"column":24}},{"start":{"line":79,"column":28},"end":{"line":79,"column":32}}],"line":79},"12":{"loc":{"start":{"line":90,"column":2},"end":{"line":90,"column":95}},"type":"if","locations":[{"start":{"line":90,"column":2},"end":{"line":90,"column":95}},{"start":{},"end":{}}],"line":90},"13":{"loc":{"start":{"line":94,"column":2},"end":{"line":105,"column":3}},"type":"if","locations":[{"start":{"line":94,"column":2},"end":{"line":105,"column":3}},{"start":{},"end":{}}],"line":94},"14":{"loc":{"start":{"line":95,"column":4},"end":{"line":97,"column":5}},"type":"if","locations":[{"start":{"line":95,"column":4},"end":{"line":97,"column":5}},{"start":{},"end":{}}],"line":95},"15":{"loc":{"start":{"line":99,"column":11},"end":{"line":99,"column":79}},"type":"binary-expr","locations":[{"start":{"line":99,"column":11},"end":{"line":99,"column":30}},{"start":{"line":99,"column":34},"end":{"line":99,"column":79}}],"line":99},"16":{"loc":{"start":{"line":101,"column":4},"end":{"line":103,"column":5}},"type":"if","locations":[{"start":{"line":101,"column":4},"end":{"line":103,"column":5}},{"start":{},"end":{}}],"line":101},"17":{"loc":{"start":{"line":107,"column":2},"end":{"line":112,"column":3}},"type":"if","locations":[{"start":{"line":107,"column":2},"end":{"line":112,"column":3}},{"start":{},"end":{}}],"line":107},"18":{"loc":{"start":{"line":108,"column":4},"end":{"line":110,"column":5}},"type":"if","locations":[{"start":{"line":108,"column":4},"end":{"line":110,"column":5}},{"start":{},"end":{}}],"line":108},"19":{"loc":{"start":{"line":114,"column":2},"end":{"line":114,"column":65}},"type":"if","locations":[{"start":{"line":114,"column":2},"end":{"line":114,"column":65}},{"start":{},"end":{}}],"line":114},"20":{"loc":{"start":{"line":114,"column":43},"end":{"line":114,"column":64}},"type":"binary-expr","locations":[{"start":{"line":114,"column":43},"end":{"line":114,"column":56}},{"start":{"line":114,"column":60},"end":{"line":114,"column":64}}],"line":114},"21":{"loc":{"start":{"line":122,"column":2},"end":{"line":122,"column":95}},"type":"if","locations":[{"start":{"line":122,"column":2},"end":{"line":122,"column":95}},{"start":{},"end":{}}],"line":122},"22":{"loc":{"start":{"line":130,"column":2},"end":{"line":130,"column":99}},"type":"if","locations":[{"start":{"line":130,"column":2},"end":{"line":130,"column":99}},{"start":{},"end":{}}],"line":130}},"s":{"0":1,"1":1,"2":1,"3":1,"4":11,"5":1,"6":10,"7":4,"8":6,"9":1,"10":1,"11":30,"12":30,"13":1,"14":8,"15":8,"16":8,"17":4,"18":4,"19":12,"20":8,"21":2,"22":6,"23":8,"24":1,"25":2,"26":4,"27":2,"28":1,"29":1,"30":1,"31":11,"32":11,"33":11,"34":5,"35":6,"36":9,"37":6,"38":5,"39":1,"40":1,"41":1,"42":1,"43":6,"44":8,"45":6,"46":1,"47":5,"48":5,"49":3,"50":1,"51":2,"52":5,"53":2,"54":1,"55":1,"56":3,"57":2,"58":1,"59":1,"60":2,"61":0,"62":2,"63":1,"64":7,"65":11,"66":7,"67":1,"68":6,"69":6,"70":1,"71":0,"72":0,"73":0,"74":0,"75":0,"76":0,"77":1,"78":2,"79":1,"80":0,"81":0,"82":1},"f":{"0":11,"1":30,"2":8,"3":12,"4":6,"5":2,"6":4,"7":11,"8":9,"9":6,"10":8,"11":5,"12":7,"13":11,"14":0,"15":0,"16":2,"17":0},"b":{"0":[1,10],"1":[11,10],"2":[4,6],"3":[10,10],"4":[4,4],"5":[8,4],"6":[12,10],"7":[2,6],"8":[1,1],"9":[5,6],"10":[5,1],"11":[1,1],"12":[1,5],"13":[3,2],"14":[1,2],"15":[5,3],"16":[1,1],"17":[2,1],"18":[1,1],"19":[0,2],"20":[0,0],"21":[1,6],"22":[0,0]},"_coverageSchema":"1a1c01bbd47fc00a2c39e90264f33305004495a9","hash":"237a47511abfab64e54a2841f7784dc28ffb0885"}
}
