TN:
SF:src\app.js
FN:10,resetContacts
FN:21,(anonymous_1)
FN:26,(anonymous_2)
FN:27,(anonymous_3)
FN:35,(anonymous_4)
FN:57,(anonymous_5)
FN:58,(anonymous_6)
FN:78,(anonymous_7)
FN:79,(anonymous_8)
FNF:9
FNH:9
FNDA:12,resetContacts
FNDA:2,(anonymous_1)
FNDA:2,(anonymous_2)
FNDA:3,(anonymous_3)
FNDA:3,(anonymous_4)
FNDA:3,(anonymous_5)
FNDA:4,(anonymous_6)
FNDA:2,(anonymous_7)
FNDA:4,(anonymous_8)
DA:1,1
DA:2,1
DA:4,1
DA:6,1
DA:7,1
DA:11,12
DA:15,12
DA:18,1
DA:21,1
DA:22,2
DA:26,1
DA:27,3
DA:28,2
DA:29,1
DA:31,1
DA:35,1
DA:36,3
DA:38,3
DA:39,1
DA:41,2
DA:42,1
DA:45,1
DA:52,1
DA:53,1
DA:57,1
DA:58,4
DA:59,3
DA:60,1
DA:63,2
DA:65,2
DA:66,1
DA:67,1
DA:69,0
DA:72,1
DA:74,1
DA:78,1
DA:79,4
DA:81,2
DA:82,1
DA:85,1
DA:86,1
DA:89,1
LF:42
LH:41
BRDA:28,0,0,1
BRDA:28,0,1,1
BRDA:38,1,0,1
BRDA:38,1,1,2
BRDA:38,2,0,3
BRDA:38,2,1,2
BRDA:41,3,0,1
BRDA:41,3,1,1
BRDA:41,4,0,2
BRDA:41,4,1,2
BRDA:49,5,0,1
BRDA:49,5,1,0
BRDA:59,6,0,1
BRDA:59,6,1,2
BRDA:63,7,0,1
BRDA:63,7,1,1
BRDA:65,8,0,1
BRDA:65,8,1,1
BRDA:66,9,0,1
BRDA:66,9,1,0
BRDA:72,10,0,1
BRDA:72,10,1,0
BRDA:81,11,0,1
BRDA:81,11,1,1
BRF:24
BRH:21
end_of_record
