TN:
SF:src\app.js
FN:8,validateContact
FN:26,resetContacts
FN:36,(anonymous_2)
FN:43,(anonymous_3)
FN:48,(anonymous_4)
FN:55,(anonymous_5)
FN:56,(anonymous_6)
FN:62,(anonymous_7)
FN:70,(anonymous_8)
FN:88,(anonymous_9)
FN:89,(anonymous_10)
FN:99,(anonymous_11)
FN:120,(anonymous_12)
FN:121,(anonymous_13)
FN:128,(anonymous_14)
FN:129,(anonymous_15)
FN:136,(anonymous_16)
FN:141,(anonymous_17)
FNF:18
FNH:15
FNDA:11,validateContact
FNDA:30,resetContacts
FNDA:8,(anonymous_2)
FNDA:12,(anonymous_3)
FNDA:6,(anonymous_4)
FNDA:2,(anonymous_5)
FNDA:4,(anonymous_6)
FNDA:11,(anonymous_7)
FNDA:9,(anonymous_8)
FNDA:6,(anonymous_9)
FNDA:8,(anonymous_10)
FNDA:5,(anonymous_11)
FNDA:7,(anonymous_12)
FNDA:11,(anonymous_13)
FNDA:0,(anonymous_14)
FNDA:0,(anonymous_15)
FNDA:2,(anonymous_16)
FNDA:0,(anonymous_17)
DA:1,1
DA:2,1
DA:3,1
DA:6,1
DA:9,11
DA:10,1
DA:12,10
DA:13,4
DA:15,6
DA:19,1
DA:24,1
DA:27,30
DA:32,30
DA:36,1
DA:37,8
DA:38,8
DA:40,8
DA:41,4
DA:42,4
DA:43,12
DA:47,8
DA:48,6
DA:51,8
DA:55,1
DA:56,4
DA:57,2
DA:58,1
DA:62,1
DA:63,11
DA:65,11
DA:66,11
DA:67,5
DA:70,9
DA:71,6
DA:72,5
DA:75,1
DA:83,1
DA:84,1
DA:88,1
DA:89,8
DA:90,6
DA:92,5
DA:94,5
DA:95,3
DA:96,1
DA:98,2
DA:99,5
DA:101,2
DA:102,1
DA:104,1
DA:107,3
DA:108,2
DA:109,1
DA:111,1
DA:114,2
DA:116,2
DA:120,1
DA:121,11
DA:122,7
DA:123,6
DA:124,6
DA:128,1
DA:129,0
DA:130,0
DA:131,0
DA:132,0
DA:136,1
DA:137,2
DA:141,1
DA:142,0
DA:143,0
DA:146,1
LF:72
LH:66
BRDA:9,0,0,1
BRDA:9,0,1,10
BRDA:9,1,0,11
BRDA:9,1,1,10
BRDA:12,2,0,4
BRDA:12,2,1,6
BRDA:12,3,0,10
BRDA:12,3,1,10
BRDA:40,4,0,4
BRDA:40,4,1,4
BRDA:40,5,0,8
BRDA:40,5,1,4
BRDA:43,6,0,12
BRDA:43,6,1,10
BRDA:47,7,0,2
BRDA:47,7,1,6
BRDA:57,8,0,1
BRDA:57,8,1,1
BRDA:66,9,0,5
BRDA:66,9,1,6
BRDA:71,10,0,5
BRDA:71,10,1,1
BRDA:79,11,0,1
BRDA:79,11,1,1
BRDA:90,12,0,1
BRDA:90,12,1,5
BRDA:94,13,0,3
BRDA:94,13,1,2
BRDA:95,14,0,1
BRDA:95,14,1,2
BRDA:99,15,0,5
BRDA:99,15,1,3
BRDA:101,16,0,1
BRDA:101,16,1,1
BRDA:107,17,0,2
BRDA:107,17,1,1
BRDA:108,18,0,1
BRDA:108,18,1,1
BRDA:114,19,0,0
BRDA:114,19,1,2
BRDA:114,20,0,0
BRDA:114,20,1,0
BRDA:122,21,0,1
BRDA:122,21,1,6
BRDA:130,22,0,0
BRDA:130,22,1,0
BRF:46
BRH:41
end_of_record
